\BOOKMARK [0][-]{chapter.1}{User Guide}{}% 1
\BOOKMARK [1][-]{section.1.1}{Introduction}{chapter.1}% 2
\BOOKMARK [1][-]{section.1.2}{Using the tool}{chapter.1}% 3
\BOOKMARK [1][-]{section.1.3}{Contact details}{chapter.1}% 4
\BOOKMARK [0][-]{chapter.2}{Administrator Guide}{}% 5
\BOOKMARK [1][-]{section.2.1}{Introduction}{chapter.2}% 6
\BOOKMARK [1][-]{section.2.2}{Pre-Built VMWare Image}{chapter.2}% 7
\BOOKMARK [1][-]{section.2.3}{VMWare Test Environment}{chapter.2}% 8
\BOOKMARK [1][-]{section.2.4}{Deployment on Debian with Apache HTTP server}{chapter.2}% 9
\BOOKMARK [1][-]{section.2.5}{Windows Active Directory and Apache Kerberos Single Sign-on}{chapter.2}% 10
\BOOKMARK [0][-]{chapter.3}{Developer Guide}{}% 11
\BOOKMARK [1][-]{section.3.1}{Introduction}{chapter.3}% 12
\BOOKMARK [1][-]{section.3.2}{Setting Up the Development Environment}{chapter.3}% 13
\BOOKMARK [1][-]{section.3.3}{Development Work-flow}{chapter.3}% 14
\BOOKMARK [1][-]{section.3.4}{High Level Architecture}{chapter.3}% 15
\BOOKMARK [1][-]{section.3.5}{Low Level Documentation and API}{chapter.3}% 16
\BOOKMARK [1][-]{section.3.6}{Documentation}{chapter.3}% 17
\BOOKMARK [1][-]{section.3.7}{Security Considerations}{chapter.3}% 18
\BOOKMARK [0][-]{chapter.4}{Indices and tables}{}% 19
\BOOKMARK [0][-]{chapter*.23}{Bibliography}{}% 20
